Arguments: 
  C:\Program Files\nodejs\node.exe C:\Users\SYahi\AppData\Roaming\npm\node_modules\yarn\bin\yarn.js add chart.js

PATH: 
  C:\Users\SYahi\AppData\Roaming\npm\node_modules\npm\node_modules\npm-lifecycle\node-gyp-bin;C:\MAMP\htdocs\ginder-landing\node_modules\.bin;C:\Cmder\bin;C:\Cmder\vendor\conemu-maximus5\ConEmu\Scripts;C:\Cmder\vendor\conemu-maximus5;C:\Cmder\vendor\conemu-maximus5\ConEmu;C:\Program Files (x86)\Common Files\Intel\Shared Libraries\redist\intel64\compiler;C:\ProgramData\Oracle\Java\javapath;C:\Program Files (x86)\ImageMagick-7.0.7-Q16;C:\Program Files (x86)\Intel\iCLS Client\;C:\Program Files\Intel\iCLS Client\;C:\Windows\system32;C:\Windows;C:\Windows\System32\Wbem;C:\Windows\System32\WindowsPowerShell\v1.0\C:\Program Files (x86)\Intel\Intel(R) Management Engine Components\DAL;C:\Program Files\Intel\Intel(R) Management Engine Components\DAL;C:\Program Files (x86)\Intel\Intel(R) Management Engine Components\IPT;C:\Program Files\Intel\Intel(R) Management Engine Components\IPT;C:\Program Files (x86)\NVIDIA Corporation\PhysX\Common;C:\ProgramData\ComposerSetup\bin;C:\ProgramData\chocolatey\bin;C:\Program Files (x86)\DevDesktop\toolsC:\Program Files\nodejs\;C:\MAMP\bin\php\php7.1.5;C:\Program Files\Git\cmd;C:\Program Files\nodejs\;C:\Program Files (x86)\QuickTime\QTSystem\;C:\WINDOWS\system32;C:\WINDOWS;C:\WINDOWS\System32\Wbem;C:\WINDOWS\System32\WindowsPowerShell\v1.0\;C:\Ruby24\bin;C:\Users\SYahi\AppData\Local\Microsoft\WindowsApps;C:\Users\SYahi\AppData\Roaming\Composer\vendor\bin;C:\Users\SYahi\AppData\Local\atom\bin;C:\Users\SYahi\AppData\Local\.meteor;C:\system32\WindowsPowerShell\v1.0;C:\ProgramData\Oracle\Java\javapath;C:\Program Files\Java\jdk1.8.0_151\bin;C:\MAMP\bin\php\php7.1.5;C:\Program Files\Microsoft VS Code\bin;C:\Users\SYahi\AppData\Roaming\npm;%USERPROFILE%\AppData\Local\Microsoft\WindowsApps;;C:\Program Files\Git\usr\bin;C:\Program Files\Git\usr\share\vim\vim74;C:\Cmder\

Yarn version: 
  1.5.1

Node version: 
  9.7.1

Platform: 
  win32 x64

npm manifest: 
  {
    "name": "ginder-landing",
    "main": "index.html",
    "private": true,
    "scripts": {
      "test": "echo \"Error: no test specified\" && exit 1",
      "start": "parcel index.html"
    },
    "repository": {
      "type": "git",
      "url": "git+https://github.com/MRWS/ginder-landing.git"
    },
    "devDependencies": {
      "parcel-bundler": "^1.7.0"
    },
    "dependencies": {
      "autoprefixer": "^8.2.0",
      "node-sass": "^4.8.3",
      "normalize.css": "^8.0.0",
      "particles.js": "^2.0.0",
      "postcss-modules": "^1.1.0"
    }
  }

yarn manifest: 
  No manifest

Lockfile: 
  No lockfile

Trace: 
  Error: ENOENT: no such file or directory, lstat 'C:\MAMP\htdocs\ginder-landing\node_modules\autoprefixer\node_modules\browserslist'
